Using pre-set license

 COMMAND LINE ARGUMENTS:
/Applications/Unity/Hub/Editor/2021.1.0a7/Unity.app/Contents/MacOS/Unity
-adb2
-batchMode
-noUpm
-name
AssetImportWorker0
-projectPath
/Users/bryandeal826/Documents/proyecto/videojuegos/avancegrupo4
-logFile
Logs/AssetImportWorker0.log
-srvPort
61308
Successfully changed project path to: /Users/bryandeal826/Documents/proyecto/videojuegos/avancegrupo4
/Users/bryandeal826/Documents/proyecto/videojuegos/avancegrupo4
Using Asset Import Pipeline V2.
Refreshing native plugins compatible for Editor in 351.43 ms, found 1 plugins.
Preloading 0 native plugins for Editor in 0.00 ms.
Initialize engine version: 2021.1.0a7 (fdd63b12dbc0)
[Subsystems] Discovering subsystems at path /Applications/Unity/Hub/Editor/2021.1.0a7/Unity.app/Contents/Resources/UnitySubsystems
[Subsystems] Discovering subsystems at path /Users/bryandeal826/Documents/proyecto/videojuegos/avancegrupo4/Assets
GfxDevice: creating device client; threaded=0; jobified=0
2020-11-27 09:05:27.403 Unity[41267:1182630] Color LCD preferred device: Intel HD Graphics 4000 (low power)
2020-11-27 09:05:27.403 Unity[41267:1182630] Metal devices available: 1
2020-11-27 09:05:27.403 Unity[41267:1182630] 0: Intel HD Graphics 4000 (low power)
2020-11-27 09:05:27.406 Unity[41267:1182630] Using device Intel HD Graphics 4000 (low power)
Initializing Metal device caps: Intel HD Graphics 4000
Initialize mono
Mono path[0] = '/Applications/Unity/Hub/Editor/2021.1.0a7/Unity.app/Contents/Managed'
Mono path[1] = '/Applications/Unity/Hub/Editor/2021.1.0a7/Unity.app/Contents/MonoBleedingEdge/lib/mono/unityjit'
Mono config path = '/Applications/Unity/Hub/Editor/2021.1.0a7/Unity.app/Contents/MonoBleedingEdge/etc'
Using monoOptions --debugger-agent=transport=dt_socket,embedding=1,server=y,suspend=n,address=127.0.0.1:56267
Begin MonoManager ReloadAssembly
Registering precompiled unity dll's ...
Register platform support module: /Applications/Unity/Hub/Editor/2021.1.0a7/Unity.app/Contents/PlaybackEngines/MacStandaloneSupport/UnityEditor.OSXStandalone.Extensions.dll
Registered in 0.004029 seconds.
Native extension for OSXStandalone target not found
Refreshing native plugins compatible for Editor in 233.63 ms, found 1 plugins.
Preloading 0 native plugins for Editor in 0.00 ms.
Mono: successfully reloaded assembly
- Completed reload, in 19.631 seconds
Platform modules already initialized, skipping
Registering precompiled user dll's ...
Registered in 0.002421 seconds.
Begin MonoManager ReloadAssembly
Symbol file LoadedFromMemory doesn't match image /Users/bryandeal826/Documents/proyecto/videojuegos/avancegrupo4/Library/PackageCache/com.unity.ext.nunit@1.0.0/net35/unity-custom/nunit.framework.dll
